<?xml version="1.0" encoding="UTF-8"?>
<!-- Generated by org.testng.reporters.JUnitReportReporter -->
<testsuite hostname="MX-IT01016" name="com.appium.project.test.YoutubeAppiumTest" tests="2" failures="0" timestamp="27 Nov 2017 21:12:54 GMT" time="74.841" errors="0">
  <testcase name="testPlayVideo" time="37.986" classname="com.appium.project.test.YoutubeAppiumTest"/>
  <testcase name="testPlayVideo" time="36.855" classname="com.appium.project.test.YoutubeAppiumTest"/>
</testsuite> <!-- com.appium.project.test.YoutubeAppiumTest -->
