<?xml version="1.0" encoding="UTF-8"?>
<!-- Generated by org.testng.reporters.JUnitReportReporter -->
<testsuite hostname="DESKTOP-BDD8OV5" name="com.appium.project.test.SoptifyAppiumTest" tests="1" failures="0" timestamp="25 Nov 2017 21:16:58 GMT" time="30.007" errors="0">
  <testcase name="startApplication" time="30.007" classname="com.appium.project.test.SoptifyAppiumTest"/>
</testsuite> <!-- com.appium.project.test.SoptifyAppiumTest -->
