<?xml version="1.0" encoding="UTF-8"?>
<!-- Generated by org.testng.reporters.JUnitReportReporter -->
<testsuite hostname="MX-IT01016" name="com.appium.project.test.AmazonAppiumTest" tests="1" failures="0" timestamp="23 Nov 2017 22:19:20 GMT" time="0.004" errors="0">
  <testcase name="startApplication" time="0.004" classname="com.appium.project.test.AmazonAppiumTest"/>
</testsuite> <!-- com.appium.project.test.AmazonAppiumTest -->
