<?xml version="1.0" encoding="UTF-8"?>
<!-- Generated by org.testng.reporters.JUnitReportReporter -->
<testsuite hostname="DESKTOP-BDD8OV5" name="com.appium.project.test.SelendroidAppiumTest" tests="1" failures="0" timestamp="25 Nov 2017 20:19:37 GMT" time="30.008" errors="0">
  <testcase name="startApplication" time="30.008" classname="com.appium.project.test.SelendroidAppiumTest"/>
</testsuite> <!-- com.appium.project.test.SelendroidAppiumTest -->
